\BOOKMARK [0][-]{chapter.1}{\376\377\0001\000\040\000C\000l\000a\000s\000s\000\040\000I\000n\000d\000e\000x}{}% 1
\BOOKMARK [1][-]{section.1.1}{\376\377\0001\000.\0001\000\040\000C\000l\000a\000s\000s\000\040\000L\000i\000s\000t}{chapter.1}% 2
\BOOKMARK [0][-]{chapter.2}{\376\377\0002\000\040\000F\000i\000l\000e\000\040\000I\000n\000d\000e\000x}{}% 3
\BOOKMARK [1][-]{section.2.1}{\376\377\0002\000.\0001\000\040\000F\000i\000l\000e\000\040\000L\000i\000s\000t}{chapter.2}% 4
\BOOKMARK [0][-]{chapter.3}{\376\377\0003\000\040\000C\000l\000a\000s\000s\000\040\000D\000o\000c\000u\000m\000e\000n\000t\000a\000t\000i\000o\000n}{}% 5
\BOOKMARK [1][-]{section.3.1}{\376\377\0003\000.\0001\000\040\000N\000e\000t\000l\000i\000s\000t\000:\000:\000I\000n\000i\000t\000D\000a\000t\000a\000O\000b\000j\000\040\000S\000t\000r\000u\000c\000t\000\040\000R\000e\000f\000e\000r\000e\000n\000c\000e}{chapter.3}% 6
\BOOKMARK [2][-]{subsection.3.1.1}{\376\377\0003\000.\0001\000.\0001\000\040\000D\000e\000t\000a\000i\000l\000e\000d\000\040\000D\000e\000s\000c\000r\000i\000p\000t\000i\000o\000n}{section.3.1}% 7
\BOOKMARK [2][-]{subsection.3.1.2}{\376\377\0003\000.\0001\000.\0002\000\040\000M\000e\000m\000b\000e\000r\000\040\000D\000a\000t\000a\000\040\000D\000o\000c\000u\000m\000e\000n\000t\000a\000t\000i\000o\000n}{section.3.1}% 8
\BOOKMARK [3][-]{subsubsection.3.1.2.1}{\376\377\0003\000.\0001\000.\0002\000.\0001\000\040\000i\000n\000s\000t\000A\000r\000r\000a\000y}{subsection.3.1.2}% 9
\BOOKMARK [3][-]{subsubsection.3.1.2.2}{\376\377\0003\000.\0001\000.\0002\000.\0002\000\040\000n\000e\000t\000A\000r\000r\000a\000y}{subsection.3.1.2}% 10
\BOOKMARK [1][-]{section.3.2}{\376\377\0003\000.\0002\000\040\000N\000e\000t\000l\000i\000s\000t\000:\000:\000I\000n\000i\000t\000I\000n\000s\000t\000\040\000S\000t\000r\000u\000c\000t\000\040\000R\000e\000f\000e\000r\000e\000n\000c\000e}{chapter.3}% 11
\BOOKMARK [2][-]{subsection.3.2.1}{\376\377\0003\000.\0002\000.\0001\000\040\000D\000e\000t\000a\000i\000l\000e\000d\000\040\000D\000e\000s\000c\000r\000i\000p\000t\000i\000o\000n}{section.3.2}% 12
\BOOKMARK [2][-]{subsection.3.2.2}{\376\377\0003\000.\0002\000.\0002\000\040\000M\000e\000m\000b\000e\000r\000\040\000D\000a\000t\000a\000\040\000D\000o\000c\000u\000m\000e\000n\000t\000a\000t\000i\000o\000n}{section.3.2}% 13
\BOOKMARK [3][-]{subsubsection.3.2.2.1}{\376\377\0003\000.\0002\000.\0002\000.\0001\000\040\000l\000e\000n}{subsection.3.2.2}% 14
\BOOKMARK [3][-]{subsubsection.3.2.2.2}{\376\377\0003\000.\0002\000.\0002\000.\0002\000\040\000n\000a\000m\000e}{subsection.3.2.2}% 15
\BOOKMARK [3][-]{subsubsection.3.2.2.3}{\376\377\0003\000.\0002\000.\0002\000.\0003\000\040\000n\000e\000t\000I\000d\000A\000r\000r\000a\000y}{subsection.3.2.2}% 16
\BOOKMARK [3][-]{subsubsection.3.2.2.4}{\376\377\0003\000.\0002\000.\0002\000.\0004\000\040\000t\000y\000p\000e}{subsection.3.2.2}% 17
\BOOKMARK [3][-]{subsubsection.3.2.2.5}{\376\377\0003\000.\0002\000.\0002\000.\0005\000\040\000w\000i\000d}{subsection.3.2.2}% 18
\BOOKMARK [1][-]{section.3.3}{\376\377\0003\000.\0003\000\040\000N\000e\000t\000l\000i\000s\000t\000:\000:\000I\000n\000i\000t\000N\000e\000t\000\040\000S\000t\000r\000u\000c\000t\000\040\000R\000e\000f\000e\000r\000e\000n\000c\000e}{chapter.3}% 19
\BOOKMARK [2][-]{subsection.3.3.1}{\376\377\0003\000.\0003\000.\0001\000\040\000D\000e\000t\000a\000i\000l\000e\000d\000\040\000D\000e\000s\000c\000r\000i\000p\000t\000i\000o\000n}{section.3.3}% 20
\BOOKMARK [2][-]{subsection.3.3.2}{\376\377\0003\000.\0003\000.\0002\000\040\000M\000e\000m\000b\000e\000r\000\040\000D\000a\000t\000a\000\040\000D\000o\000c\000u\000m\000e\000n\000t\000a\000t\000i\000o\000n}{section.3.3}% 21
\BOOKMARK [3][-]{subsubsection.3.3.2.1}{\376\377\0003\000.\0003\000.\0002\000.\0001\000\040\000i\000d}{subsection.3.3.2}% 22
\BOOKMARK [3][-]{subsubsection.3.3.2.2}{\376\377\0003\000.\0003\000.\0002\000.\0002\000\040\000n\000a\000m\000e}{subsection.3.3.2}% 23
\BOOKMARK [1][-]{section.3.4}{\376\377\0003\000.\0004\000\040\000I\000n\000i\000t\000N\000e\000t\000l\000i\000s\000t\000\040\000C\000l\000a\000s\000s\000\040\000R\000e\000f\000e\000r\000e\000n\000c\000e}{chapter.3}% 24
\BOOKMARK [2][-]{subsection.3.4.1}{\376\377\0003\000.\0004\000.\0001\000\040\000D\000e\000t\000a\000i\000l\000e\000d\000\040\000D\000e\000s\000c\000r\000i\000p\000t\000i\000o\000n}{section.3.4}% 25
\BOOKMARK [2][-]{subsection.3.4.2}{\376\377\0003\000.\0004\000.\0002\000\040\000C\000o\000n\000s\000t\000r\000u\000c\000t\000o\000r\000\040\000\046\000\040\000D\000e\000s\000t\000r\000u\000c\000t\000o\000r\000\040\000D\000o\000c\000u\000m\000e\000n\000t\000a\000t\000i\000o\000n}{section.3.4}% 26
\BOOKMARK [3][-]{subsubsection.3.4.2.1}{\376\377\0003\000.\0004\000.\0002\000.\0001\000\040\000I\000n\000i\000t\000N\000e\000t\000l\000i\000s\000t\000\050\000\051\000\040\000[\0001\000/\0002\000]}{subsection.3.4.2}% 27
\BOOKMARK [3][-]{subsubsection.3.4.2.2}{\376\377\0003\000.\0004\000.\0002\000.\0002\000\040\000I\000n\000i\000t\000N\000e\000t\000l\000i\000s\000t\000\050\000\051\000\040\000[\0002\000/\0002\000]}{subsection.3.4.2}% 28
\BOOKMARK [2][-]{subsection.3.4.3}{\376\377\0003\000.\0004\000.\0003\000\040\000M\000e\000m\000b\000e\000r\000\040\000F\000u\000n\000c\000t\000i\000o\000n\000\040\000D\000o\000c\000u\000m\000e\000n\000t\000a\000t\000i\000o\000n}{section.3.4}% 29
\BOOKMARK [3][-]{subsubsection.3.4.3.1}{\376\377\0003\000.\0004\000.\0003\000.\0001\000\040\000r\000e\000a\000d\000\050\000\051}{subsection.3.4.3}% 30
\BOOKMARK [2][-]{subsection.3.4.4}{\376\377\0003\000.\0004\000.\0004\000\040\000M\000e\000m\000b\000e\000r\000\040\000D\000a\000t\000a\000\040\000D\000o\000c\000u\000m\000e\000n\000t\000a\000t\000i\000o\000n}{section.3.4}% 31
\BOOKMARK [3][-]{subsubsection.3.4.4.1}{\376\377\0003\000.\0004\000.\0004\000.\0001\000\040\000\137\000n\000e\000t\000l\000i\000s\000t\000D\000B}{subsection.3.4.4}% 32
\BOOKMARK [1][-]{section.3.5}{\376\377\0003\000.\0005\000\040\000I\000n\000s\000t\000\040\000C\000l\000a\000s\000s\000\040\000R\000e\000f\000e\000r\000e\000n\000c\000e}{chapter.3}% 33
\BOOKMARK [2][-]{subsection.3.5.1}{\376\377\0003\000.\0005\000.\0001\000\040\000D\000e\000t\000a\000i\000l\000e\000d\000\040\000D\000e\000s\000c\000r\000i\000p\000t\000i\000o\000n}{section.3.5}% 34
\BOOKMARK [2][-]{subsection.3.5.2}{\376\377\0003\000.\0005\000.\0002\000\040\000C\000o\000n\000s\000t\000r\000u\000c\000t\000o\000r\000\040\000\046\000\040\000D\000e\000s\000t\000r\000u\000c\000t\000o\000r\000\040\000D\000o\000c\000u\000m\000e\000n\000t\000a\000t\000i\000o\000n}{section.3.5}% 35
\BOOKMARK [3][-]{subsubsection.3.5.2.1}{\376\377\0003\000.\0005\000.\0002\000.\0001\000\040\000I\000n\000s\000t\000\050\000\051\000\040\000[\0001\000/\0003\000]}{subsection.3.5.2}% 36
\BOOKMARK [3][-]{subsubsection.3.5.2.2}{\376\377\0003\000.\0005\000.\0002\000.\0002\000\040\000I\000n\000s\000t\000\050\000\051\000\040\000[\0002\000/\0003\000]}{subsection.3.5.2}% 37
\BOOKMARK [3][-]{subsubsection.3.5.2.3}{\376\377\0003\000.\0005\000.\0002\000.\0003\000\040\000I\000n\000s\000t\000\050\000\051\000\040\000[\0003\000/\0003\000]}{subsection.3.5.2}% 38
\BOOKMARK [2][-]{subsection.3.5.3}{\376\377\0003\000.\0005\000.\0003\000\040\000M\000e\000m\000b\000e\000r\000\040\000F\000u\000n\000c\000t\000i\000o\000n\000\040\000D\000o\000c\000u\000m\000e\000n\000t\000a\000t\000i\000o\000n}{section.3.5}% 39
\BOOKMARK [3][-]{subsubsection.3.5.3.1}{\376\377\0003\000.\0005\000.\0003\000.\0001\000\040\000a\000d\000d\000P\000i\000n\000I\000d\000\050\000\051}{subsection.3.5.3}% 40
\BOOKMARK [3][-]{subsubsection.3.5.3.2}{\376\377\0003\000.\0005\000.\0003\000.\0002\000\040\000i\000d\000\050\000\051}{subsection.3.5.3}% 41
\BOOKMARK [3][-]{subsubsection.3.5.3.3}{\376\377\0003\000.\0005\000.\0003\000.\0003\000\040\000l\000e\000n\000\050\000\051}{subsection.3.5.3}% 42
\BOOKMARK [3][-]{subsubsection.3.5.3.4}{\376\377\0003\000.\0005\000.\0003\000.\0004\000\040\000n\000a\000m\000e\000\050\000\051}{subsection.3.5.3}% 43
\BOOKMARK [3][-]{subsubsection.3.5.3.5}{\376\377\0003\000.\0005\000.\0003\000.\0005\000\040\000p\000i\000n\000I\000d\000A\000r\000r\000a\000y\000\050\000\051}{subsection.3.5.3}% 44
\BOOKMARK [3][-]{subsubsection.3.5.3.6}{\376\377\0003\000.\0005\000.\0003\000.\0006\000\040\000s\000e\000t\000L\000e\000n\000\050\000\051}{subsection.3.5.3}% 45
\BOOKMARK [3][-]{subsubsection.3.5.3.7}{\376\377\0003\000.\0005\000.\0003\000.\0007\000\040\000s\000e\000t\000W\000i\000d\000\050\000\051}{subsection.3.5.3}% 46
\BOOKMARK [3][-]{subsubsection.3.5.3.8}{\376\377\0003\000.\0005\000.\0003\000.\0008\000\040\000t\000y\000p\000e\000\050\000\051}{subsection.3.5.3}% 47
\BOOKMARK [3][-]{subsubsection.3.5.3.9}{\376\377\0003\000.\0005\000.\0003\000.\0009\000\040\000w\000i\000d\000\050\000\051}{subsection.3.5.3}% 48
\BOOKMARK [2][-]{subsection.3.5.4}{\376\377\0003\000.\0005\000.\0004\000\040\000M\000e\000m\000b\000e\000r\000\040\000D\000a\000t\000a\000\040\000D\000o\000c\000u\000m\000e\000n\000t\000a\000t\000i\000o\000n}{section.3.5}% 49
\BOOKMARK [3][-]{subsubsection.3.5.4.1}{\376\377\0003\000.\0005\000.\0004\000.\0001\000\040\000\137\000i\000d}{subsection.3.5.4}% 50
\BOOKMARK [3][-]{subsubsection.3.5.4.2}{\376\377\0003\000.\0005\000.\0004\000.\0002\000\040\000\137\000l\000e\000n}{subsection.3.5.4}% 51
\BOOKMARK [3][-]{subsubsection.3.5.4.3}{\376\377\0003\000.\0005\000.\0004\000.\0003\000\040\000\137\000n\000a\000m\000e}{subsection.3.5.4}% 52
\BOOKMARK [3][-]{subsubsection.3.5.4.4}{\376\377\0003\000.\0005\000.\0004\000.\0004\000\040\000\137\000p\000i\000n\000I\000d\000A\000r\000r\000a\000y}{subsection.3.5.4}% 53
\BOOKMARK [3][-]{subsubsection.3.5.4.5}{\376\377\0003\000.\0005\000.\0004\000.\0005\000\040\000\137\000t\000y\000p\000e}{subsection.3.5.4}% 54
\BOOKMARK [3][-]{subsubsection.3.5.4.6}{\376\377\0003\000.\0005\000.\0004\000.\0006\000\040\000\137\000w\000i\000d}{subsection.3.5.4}% 55
\BOOKMARK [1][-]{section.3.6}{\376\377\0003\000.\0006\000\040\000M\000o\000s\000P\000a\000i\000r\000\040\000S\000t\000r\000u\000c\000t\000\040\000R\000e\000f\000e\000r\000e\000n\000c\000e}{chapter.3}% 56
\BOOKMARK [2][-]{subsection.3.6.1}{\376\377\0003\000.\0006\000.\0001\000\040\000D\000e\000t\000a\000i\000l\000e\000d\000\040\000D\000e\000s\000c\000r\000i\000p\000t\000i\000o\000n}{section.3.6}% 57
\BOOKMARK [2][-]{subsection.3.6.2}{\376\377\0003\000.\0006\000.\0002\000\040\000C\000o\000n\000s\000t\000r\000u\000c\000t\000o\000r\000\040\000\046\000\040\000D\000e\000s\000t\000r\000u\000c\000t\000o\000r\000\040\000D\000o\000c\000u\000m\000e\000n\000t\000a\000t\000i\000o\000n}{section.3.6}% 58
\BOOKMARK [3][-]{subsubsection.3.6.2.1}{\376\377\0003\000.\0006\000.\0002\000.\0001\000\040\000M\000o\000s\000P\000a\000i\000r\000\050\000\051}{subsection.3.6.2}% 59
\BOOKMARK [2][-]{subsection.3.6.3}{\376\377\0003\000.\0006\000.\0003\000\040\000M\000e\000m\000b\000e\000r\000\040\000F\000u\000n\000c\000t\000i\000o\000n\000\040\000D\000o\000c\000u\000m\000e\000n\000t\000a\000t\000i\000o\000n}{section.3.6}% 60
\BOOKMARK [3][-]{subsubsection.3.6.3.1}{\376\377\0003\000.\0006\000.\0003\000.\0001\000\040\000o\000p\000e\000r\000a\000t\000o\000r\000=\000=\000\050\000\051}{subsection.3.6.3}% 61
\BOOKMARK [2][-]{subsection.3.6.4}{\376\377\0003\000.\0006\000.\0004\000\040\000M\000e\000m\000b\000e\000r\000\040\000D\000a\000t\000a\000\040\000D\000o\000c\000u\000m\000e\000n\000t\000a\000t\000i\000o\000n}{section.3.6}% 62
\BOOKMARK [3][-]{subsubsection.3.6.4.1}{\376\377\0003\000.\0006\000.\0004\000.\0001\000\040\000m\000o\000s\000I\000d\0001}{subsection.3.6.4}% 63
\BOOKMARK [3][-]{subsubsection.3.6.4.2}{\376\377\0003\000.\0006\000.\0004\000.\0002\000\040\000m\000o\000s\000I\000d\0002}{subsection.3.6.4}% 64
\BOOKMARK [3][-]{subsubsection.3.6.4.3}{\376\377\0003\000.\0006\000.\0004\000.\0003\000\040\000v\000a\000l\000i\000d}{subsection.3.6.4}% 65
\BOOKMARK [1][-]{section.3.7}{\376\377\0003\000.\0007\000\040\000N\000e\000t\000\040\000C\000l\000a\000s\000s\000\040\000R\000e\000f\000e\000r\000e\000n\000c\000e}{chapter.3}% 66
\BOOKMARK [2][-]{subsection.3.7.1}{\376\377\0003\000.\0007\000.\0001\000\040\000D\000e\000t\000a\000i\000l\000e\000d\000\040\000D\000e\000s\000c\000r\000i\000p\000t\000i\000o\000n}{section.3.7}% 67
\BOOKMARK [2][-]{subsection.3.7.2}{\376\377\0003\000.\0007\000.\0002\000\040\000C\000o\000n\000s\000t\000r\000u\000c\000t\000o\000r\000\040\000\046\000\040\000D\000e\000s\000t\000r\000u\000c\000t\000o\000r\000\040\000D\000o\000c\000u\000m\000e\000n\000t\000a\000t\000i\000o\000n}{section.3.7}% 68
\BOOKMARK [3][-]{subsubsection.3.7.2.1}{\376\377\0003\000.\0007\000.\0002\000.\0001\000\040\000N\000e\000t\000\050\000\051\000\040\000[\0001\000/\0002\000]}{subsection.3.7.2}% 69
\BOOKMARK [3][-]{subsubsection.3.7.2.2}{\376\377\0003\000.\0007\000.\0002\000.\0002\000\040\000N\000e\000t\000\050\000\051\000\040\000[\0002\000/\0002\000]}{subsection.3.7.2}% 70
\BOOKMARK [2][-]{subsection.3.7.3}{\376\377\0003\000.\0007\000.\0003\000\040\000M\000e\000m\000b\000e\000r\000\040\000F\000u\000n\000c\000t\000i\000o\000n\000\040\000D\000o\000c\000u\000m\000e\000n\000t\000a\000t\000i\000o\000n}{section.3.7}% 71
\BOOKMARK [3][-]{subsubsection.3.7.3.1}{\376\377\0003\000.\0007\000.\0003\000.\0001\000\040\000a\000d\000d\000P\000i\000n\000I\000d\000\050\000\051}{subsection.3.7.3}% 72
\BOOKMARK [3][-]{subsubsection.3.7.3.2}{\376\377\0003\000.\0007\000.\0003\000.\0002\000\040\000i\000d\000\050\000\051}{subsection.3.7.3}% 73
\BOOKMARK [3][-]{subsubsection.3.7.3.3}{\376\377\0003\000.\0007\000.\0003\000.\0003\000\040\000n\000a\000m\000e\000\050\000\051}{subsection.3.7.3}% 74
\BOOKMARK [3][-]{subsubsection.3.7.3.4}{\376\377\0003\000.\0007\000.\0003\000.\0004\000\040\000n\000e\000t\000T\000y\000p\000e\000\050\000\051}{subsection.3.7.3}% 75
\BOOKMARK [3][-]{subsubsection.3.7.3.5}{\376\377\0003\000.\0007\000.\0003\000.\0005\000\040\000p\000i\000n\000I\000d\000A\000r\000r\000a\000y\000\050\000\051}{subsection.3.7.3}% 76
\BOOKMARK [2][-]{subsection.3.7.4}{\376\377\0003\000.\0007\000.\0004\000\040\000M\000e\000m\000b\000e\000r\000\040\000D\000a\000t\000a\000\040\000D\000o\000c\000u\000m\000e\000n\000t\000a\000t\000i\000o\000n}{section.3.7}% 77
\BOOKMARK [3][-]{subsubsection.3.7.4.1}{\376\377\0003\000.\0007\000.\0004\000.\0001\000\040\000\137\000i\000d}{subsection.3.7.4}% 78
\BOOKMARK [3][-]{subsubsection.3.7.4.2}{\376\377\0003\000.\0007\000.\0004\000.\0002\000\040\000\137\000n\000a\000m\000e}{subsection.3.7.4}% 79
\BOOKMARK [3][-]{subsubsection.3.7.4.3}{\376\377\0003\000.\0007\000.\0004\000.\0003\000\040\000\137\000p\000i\000n\000I\000d\000A\000r\000r\000a\000y}{subsection.3.7.4}% 80
\BOOKMARK [1][-]{section.3.8}{\376\377\0003\000.\0008\000\040\000N\000e\000t\000l\000i\000s\000t\000\040\000C\000l\000a\000s\000s\000\040\000R\000e\000f\000e\000r\000e\000n\000c\000e}{chapter.3}% 81
\BOOKMARK [2][-]{subsection.3.8.1}{\376\377\0003\000.\0008\000.\0001\000\040\000D\000e\000t\000a\000i\000l\000e\000d\000\040\000D\000e\000s\000c\000r\000i\000p\000t\000i\000o\000n}{section.3.8}% 82
\BOOKMARK [2][-]{subsection.3.8.2}{\376\377\0003\000.\0008\000.\0002\000\040\000C\000o\000n\000s\000t\000r\000u\000c\000t\000o\000r\000\040\000\046\000\040\000D\000e\000s\000t\000r\000u\000c\000t\000o\000r\000\040\000D\000o\000c\000u\000m\000e\000n\000t\000a\000t\000i\000o\000n}{section.3.8}% 83
\BOOKMARK [3][-]{subsubsection.3.8.2.1}{\376\377\0003\000.\0008\000.\0002\000.\0001\000\040\000N\000e\000t\000l\000i\000s\000t\000\050\000\051}{subsection.3.8.2}% 84
\BOOKMARK [2][-]{subsection.3.8.3}{\376\377\0003\000.\0008\000.\0003\000\040\000M\000e\000m\000b\000e\000r\000\040\000F\000u\000n\000c\000t\000i\000o\000n\000\040\000D\000o\000c\000u\000m\000e\000n\000t\000a\000t\000i\000o\000n}{section.3.8}% 85
\BOOKMARK [3][-]{subsubsection.3.8.3.1}{\376\377\0003\000.\0008\000.\0003\000.\0001\000\040\000a\000d\000d\000I\000n\000s\000t\000\050\000\051}{subsection.3.8.3}% 86
\BOOKMARK [3][-]{subsubsection.3.8.3.2}{\376\377\0003\000.\0008\000.\0003\000.\0002\000\040\000a\000d\000d\000N\000e\000t\000\050\000\051}{subsection.3.8.3}% 87
\BOOKMARK [3][-]{subsubsection.3.8.3.3}{\376\377\0003\000.\0008\000.\0003\000.\0003\000\040\000a\000d\000d\000P\000i\000n\000\050\000\051}{subsection.3.8.3}% 88
\BOOKMARK [3][-]{subsubsection.3.8.3.4}{\376\377\0003\000.\0008\000.\0003\000.\0004\000\040\000d\000r\000a\000i\000n\000N\000e\000t\000I\000d\000\050\000\051}{subsection.3.8.3}% 89
\BOOKMARK [3][-]{subsubsection.3.8.3.5}{\376\377\0003\000.\0008\000.\0003\000.\0005\000\040\000f\000l\000t\000r\000I\000n\000s\000t\000M\000o\000s\000T\000y\000p\000e\000\050\000\051}{subsection.3.8.3}% 90
\BOOKMARK [3][-]{subsubsection.3.8.3.6}{\376\377\0003\000.\0008\000.\0003\000.\0006\000\040\000f\000l\000t\000r\000I\000n\000s\000t\000N\000e\000t\000C\000o\000n\000n\000P\000i\000n\000T\000y\000p\000e\000\050\000\051}{subsection.3.8.3}% 91
\BOOKMARK [3][-]{subsubsection.3.8.3.7}{\376\377\0003\000.\0008\000.\0003\000.\0007\000\040\000f\000l\000t\000r\000I\000n\000s\000t\000P\000i\000n\000C\000o\000n\000n\000P\000i\000n\000T\000y\000p\000e\000\050\000\051}{subsection.3.8.3}% 92
\BOOKMARK [3][-]{subsubsection.3.8.3.8}{\376\377\0003\000.\0008\000.\0003\000.\0008\000\040\000g\000a\000t\000e\000N\000e\000t\000I\000d\000\050\000\051}{subsection.3.8.3}% 93
\BOOKMARK [3][-]{subsubsection.3.8.3.9}{\376\377\0003\000.\0008\000.\0003\000.\0009\000\040\000g\000e\000t\000I\000n\000s\000t\000N\000e\000t\000C\000o\000n\000n\000\050\000\051}{subsection.3.8.3}% 94
\BOOKMARK [3][-]{subsubsection.3.8.3.10}{\376\377\0003\000.\0008\000.\0003\000.\0001\0000\000\040\000g\000e\000t\000I\000n\000s\000t\000P\000i\000n\000C\000o\000n\000n\000\050\000\051}{subsection.3.8.3}% 95
\BOOKMARK [3][-]{subsubsection.3.8.3.11}{\376\377\0003\000.\0008\000.\0003\000.\0001\0001\000\040\000g\000e\000t\000P\000i\000n\000T\000y\000p\000e\000I\000n\000s\000t\000N\000e\000t\000C\000o\000n\000n\000\050\000\051}{subsection.3.8.3}% 96
\BOOKMARK [3][-]{subsubsection.3.8.3.12}{\376\377\0003\000.\0008\000.\0003\000.\0001\0002\000\040\000g\000e\000t\000P\000i\000n\000T\000y\000p\000e\000I\000n\000s\000t\000P\000i\000n\000C\000o\000n\000n\000\050\000\051}{subsection.3.8.3}% 97
\BOOKMARK [3][-]{subsubsection.3.8.3.13}{\376\377\0003\000.\0008\000.\0003\000.\0001\0003\000\040\000i\000n\000i\000t\000\050\000\051}{subsection.3.8.3}% 98
\BOOKMARK [3][-]{subsubsection.3.8.3.14}{\376\377\0003\000.\0008\000.\0003\000.\0001\0004\000\040\000i\000n\000s\000t\000\050\000\051}{subsection.3.8.3}% 99
\BOOKMARK [3][-]{subsubsection.3.8.3.15}{\376\377\0003\000.\0008\000.\0003\000.\0001\0005\000\040\000i\000n\000s\000t\000N\000e\000t\000I\000d\000\050\000\051}{subsection.3.8.3}% 100
\BOOKMARK [3][-]{subsubsection.3.8.3.16}{\376\377\0003\000.\0008\000.\0003\000.\0001\0006\000\040\000i\000n\000s\000t\000P\000i\000n\000I\000d\000\050\000\051}{subsection.3.8.3}% 101
\BOOKMARK [3][-]{subsubsection.3.8.3.17}{\376\377\0003\000.\0008\000.\0003\000.\0001\0007\000\040\000i\000s\000M\000o\000s\000\050\000\051}{subsection.3.8.3}% 102
\BOOKMARK [3][-]{subsubsection.3.8.3.18}{\376\377\0003\000.\0008\000.\0003\000.\0001\0008\000\040\000i\000s\000P\000a\000s\000v\000D\000e\000v\000\050\000\051}{subsection.3.8.3}% 103
\BOOKMARK [3][-]{subsubsection.3.8.3.19}{\376\377\0003\000.\0008\000.\0003\000.\0001\0009\000\040\000i\000s\000S\000i\000g\000n\000a\000l\000\050\000\051}{subsection.3.8.3}% 104
\BOOKMARK [3][-]{subsubsection.3.8.3.20}{\376\377\0003\000.\0008\000.\0003\000.\0002\0000\000\040\000m\000o\000s\000T\000y\000p\000e\000\050\000\051}{subsection.3.8.3}% 105
\BOOKMARK [3][-]{subsubsection.3.8.3.21}{\376\377\0003\000.\0008\000.\0003\000.\0002\0001\000\040\000n\000e\000t\000\050\000\051}{subsection.3.8.3}% 106
\BOOKMARK [3][-]{subsubsection.3.8.3.22}{\376\377\0003\000.\0008\000.\0003\000.\0002\0002\000\040\000n\000u\000m\000I\000n\000s\000t\000\050\000\051}{subsection.3.8.3}% 107
\BOOKMARK [3][-]{subsubsection.3.8.3.23}{\376\377\0003\000.\0008\000.\0003\000.\0002\0003\000\040\000n\000u\000m\000N\000e\000t\000\050\000\051}{subsection.3.8.3}% 108
\BOOKMARK [3][-]{subsubsection.3.8.3.24}{\376\377\0003\000.\0008\000.\0003\000.\0002\0004\000\040\000n\000u\000m\000P\000i\000n\000\050\000\051}{subsection.3.8.3}% 109
\BOOKMARK [3][-]{subsubsection.3.8.3.25}{\376\377\0003\000.\0008\000.\0003\000.\0002\0005\000\040\000p\000i\000n\000\050\000\051}{subsection.3.8.3}% 110
\BOOKMARK [3][-]{subsubsection.3.8.3.26}{\376\377\0003\000.\0008\000.\0003\000.\0002\0006\000\040\000p\000r\000i\000n\000t\000\137\000a\000l\000l\000\050\000\051}{subsection.3.8.3}% 111
\BOOKMARK [3][-]{subsubsection.3.8.3.27}{\376\377\0003\000.\0008\000.\0003\000.\0002\0007\000\040\000r\000m\000v\000I\000n\000s\000t\000H\000a\000s\000P\000i\000n\000\050\000\051}{subsection.3.8.3}% 112
\BOOKMARK [3][-]{subsubsection.3.8.3.28}{\376\377\0003\000.\0008\000.\0003\000.\0002\0008\000\040\000s\000r\000c\000N\000e\000t\000I\000d\000\050\000\051}{subsection.3.8.3}% 113
\BOOKMARK [2][-]{subsection.3.8.4}{\376\377\0003\000.\0008\000.\0004\000\040\000M\000e\000m\000b\000e\000r\000\040\000D\000a\000t\000a\000\040\000D\000o\000c\000u\000m\000e\000n\000t\000a\000t\000i\000o\000n}{section.3.8}% 114
\BOOKMARK [3][-]{subsubsection.3.8.4.1}{\376\377\0003\000.\0008\000.\0004\000.\0001\000\040\000\137\000i\000n\000s\000t\000A\000r\000r\000a\000y}{subsection.3.8.4}% 115
\BOOKMARK [3][-]{subsubsection.3.8.4.2}{\376\377\0003\000.\0008\000.\0004\000.\0002\000\040\000\137\000n\000e\000t\000A\000r\000r\000a\000y}{subsection.3.8.4}% 116
\BOOKMARK [3][-]{subsubsection.3.8.4.3}{\376\377\0003\000.\0008\000.\0004\000.\0003\000\040\000\137\000p\000i\000n\000A\000r\000r\000a\000y}{subsection.3.8.4}% 117
\BOOKMARK [1][-]{section.3.9}{\376\377\0003\000.\0009\000\040\000P\000a\000t\000t\000e\000r\000n\000\040\000C\000l\000a\000s\000s\000\040\000R\000e\000f\000e\000r\000e\000n\000c\000e}{chapter.3}% 118
\BOOKMARK [2][-]{subsection.3.9.1}{\376\377\0003\000.\0009\000.\0001\000\040\000D\000e\000t\000a\000i\000l\000e\000d\000\040\000D\000e\000s\000c\000r\000i\000p\000t\000i\000o\000n}{section.3.9}% 119
\BOOKMARK [2][-]{subsection.3.9.2}{\376\377\0003\000.\0009\000.\0002\000\040\000C\000o\000n\000s\000t\000r\000u\000c\000t\000o\000r\000\040\000\046\000\040\000D\000e\000s\000t\000r\000u\000c\000t\000o\000r\000\040\000D\000o\000c\000u\000m\000e\000n\000t\000a\000t\000i\000o\000n}{section.3.9}% 120
\BOOKMARK [3][-]{subsubsection.3.9.2.1}{\376\377\0003\000.\0009\000.\0002\000.\0001\000\040\000P\000a\000t\000t\000e\000r\000n\000\050\000\051}{subsection.3.9.2}% 121
\BOOKMARK [2][-]{subsection.3.9.3}{\376\377\0003\000.\0009\000.\0003\000\040\000M\000e\000m\000b\000e\000r\000\040\000F\000u\000n\000c\000t\000i\000o\000n\000\040\000D\000o\000c\000u\000m\000e\000n\000t\000a\000t\000i\000o\000n}{section.3.9}% 122
\BOOKMARK [3][-]{subsubsection.3.9.3.1}{\376\377\0003\000.\0009\000.\0003\000.\0001\000\040\000c\000r\000o\000s\000s\000P\000a\000i\000r\000C\000a\000s\000c\000o\000d\000e\000\050\000\051}{subsection.3.9.3}% 123
\BOOKMARK [3][-]{subsubsection.3.9.3.2}{\376\377\0003\000.\0009\000.\0003\000.\0002\000\040\000c\000r\000o\000s\000s\000P\000a\000i\000r\000L\000o\000a\000d\000\050\000\051}{subsection.3.9.3}% 124
\BOOKMARK [3][-]{subsubsection.3.9.3.3}{\376\377\0003\000.\0009\000.\0003\000.\0003\000\040\000d\000i\000f\000f\000P\000a\000i\000r\000C\000a\000s\000c\000o\000d\000e\000\050\000\051}{subsection.3.9.3}% 125
\BOOKMARK [3][-]{subsubsection.3.9.3.4}{\376\377\0003\000.\0009\000.\0003\000.\0004\000\040\000d\000i\000f\000f\000P\000a\000i\000r\000I\000n\000p\000u\000t\000\050\000\051}{subsection.3.9.3}% 126
\BOOKMARK [3][-]{subsubsection.3.9.3.5}{\376\377\0003\000.\0009\000.\0003\000.\0005\000\040\000m\000a\000t\000c\000h\000e\000d\000S\000i\000z\000e\000\050\000\051}{subsection.3.9.3}% 127
\BOOKMARK [3][-]{subsubsection.3.9.3.6}{\376\377\0003\000.\0009\000.\0003\000.\0006\000\040\000m\000a\000t\000c\000h\000e\000d\000T\000y\000p\000e\000\050\000\051}{subsection.3.9.3}% 128
\BOOKMARK [3][-]{subsubsection.3.9.3.7}{\376\377\0003\000.\0009\000.\0003\000.\0007\000\040\000p\000a\000t\000t\000e\000r\000n\000\050\000\051}{subsection.3.9.3}% 129
\BOOKMARK [3][-]{subsubsection.3.9.3.8}{\376\377\0003\000.\0009\000.\0003\000.\0008\000\040\000v\000a\000l\000i\000d\000P\000a\000i\000r\000C\000a\000s\000c\000o\000d\000e\000\050\000\051}{subsection.3.9.3}% 130
\BOOKMARK [3][-]{subsubsection.3.9.3.9}{\376\377\0003\000.\0009\000.\0003\000.\0009\000\040\000v\000a\000l\000i\000d\000P\000a\000i\000r\000L\000o\000a\000d\000\050\000\051}{subsection.3.9.3}% 131
\BOOKMARK [2][-]{subsection.3.9.4}{\376\377\0003\000.\0009\000.\0004\000\040\000M\000e\000m\000b\000e\000r\000\040\000D\000a\000t\000a\000\040\000D\000o\000c\000u\000m\000e\000n\000t\000a\000t\000i\000o\000n}{section.3.9}% 132
\BOOKMARK [3][-]{subsubsection.3.9.4.1}{\376\377\0003\000.\0009\000.\0004\000.\0001\000\040\000\137\000n\000e\000t\000l\000i\000s\000t}{subsection.3.9.4}% 133
\BOOKMARK [1][-]{section.3.10}{\376\377\0003\000.\0001\0000\000\040\000P\000i\000n\000\040\000C\000l\000a\000s\000s\000\040\000R\000e\000f\000e\000r\000e\000n\000c\000e}{chapter.3}% 134
\BOOKMARK [2][-]{subsection.3.10.1}{\376\377\0003\000.\0001\0000\000.\0001\000\040\000D\000e\000t\000a\000i\000l\000e\000d\000\040\000D\000e\000s\000c\000r\000i\000p\000t\000i\000o\000n}{section.3.10}% 135
\BOOKMARK [2][-]{subsection.3.10.2}{\376\377\0003\000.\0001\0000\000.\0002\000\040\000C\000o\000n\000s\000t\000r\000u\000c\000t\000o\000r\000\040\000\046\000\040\000D\000e\000s\000t\000r\000u\000c\000t\000o\000r\000\040\000D\000o\000c\000u\000m\000e\000n\000t\000a\000t\000i\000o\000n}{section.3.10}% 136
\BOOKMARK [3][-]{subsubsection.3.10.2.1}{\376\377\0003\000.\0001\0000\000.\0002\000.\0001\000\040\000P\000i\000n\000\050\000\051\000\040\000[\0001\000/\0002\000]}{subsection.3.10.2}% 137
\BOOKMARK [3][-]{subsubsection.3.10.2.2}{\376\377\0003\000.\0001\0000\000.\0002\000.\0002\000\040\000P\000i\000n\000\050\000\051\000\040\000[\0002\000/\0002\000]}{subsection.3.10.2}% 138
\BOOKMARK [2][-]{subsection.3.10.3}{\376\377\0003\000.\0001\0000\000.\0003\000\040\000M\000e\000m\000b\000e\000r\000\040\000F\000u\000n\000c\000t\000i\000o\000n\000\040\000D\000o\000c\000u\000m\000e\000n\000t\000a\000t\000i\000o\000n}{section.3.10}% 139
\BOOKMARK [3][-]{subsubsection.3.10.3.1}{\376\377\0003\000.\0001\0000\000.\0003\000.\0001\000\040\000i\000d\000\050\000\051}{subsection.3.10.3}% 140
\BOOKMARK [3][-]{subsubsection.3.10.3.2}{\376\377\0003\000.\0001\0000\000.\0003\000.\0002\000\040\000i\000n\000s\000t\000I\000d\000\050\000\051}{subsection.3.10.3}% 141
\BOOKMARK [3][-]{subsubsection.3.10.3.3}{\376\377\0003\000.\0001\0000\000.\0003\000.\0003\000\040\000n\000e\000t\000I\000d\000\050\000\051}{subsection.3.10.3}% 142
\BOOKMARK [3][-]{subsubsection.3.10.3.4}{\376\377\0003\000.\0001\0000\000.\0003\000.\0004\000\040\000n\000e\000x\000t\000P\000i\000n\000T\000y\000p\000e\000\050\000\051}{subsection.3.10.3}% 143
\BOOKMARK [3][-]{subsubsection.3.10.3.5}{\376\377\0003\000.\0001\0000\000.\0003\000.\0005\000\040\000t\000y\000p\000e\000\050\000\051}{subsection.3.10.3}% 144
\BOOKMARK [2][-]{subsection.3.10.4}{\376\377\0003\000.\0001\0000\000.\0004\000\040\000M\000e\000m\000b\000e\000r\000\040\000D\000a\000t\000a\000\040\000D\000o\000c\000u\000m\000e\000n\000t\000a\000t\000i\000o\000n}{section.3.10}% 145
\BOOKMARK [3][-]{subsubsection.3.10.4.1}{\376\377\0003\000.\0001\0000\000.\0004\000.\0001\000\040\000\137\000i\000d}{subsection.3.10.4}% 146
\BOOKMARK [3][-]{subsubsection.3.10.4.2}{\376\377\0003\000.\0001\0000\000.\0004\000.\0002\000\040\000\137\000i\000n\000s\000t\000I\000d}{subsection.3.10.4}% 147
\BOOKMARK [3][-]{subsubsection.3.10.4.3}{\376\377\0003\000.\0001\0000\000.\0004\000.\0003\000\040\000\137\000n\000e\000t\000I\000d}{subsection.3.10.4}% 148
\BOOKMARK [3][-]{subsubsection.3.10.4.4}{\376\377\0003\000.\0001\0000\000.\0004\000.\0004\000\040\000\137\000t\000y\000p\000e}{subsection.3.10.4}% 149
\BOOKMARK [1][-]{section.3.11}{\376\377\0003\000.\0001\0001\000\040\000S\000y\000m\000D\000e\000t\000e\000c\000t\000:\000:\000s\000r\000c\000h\000O\000b\000j\000\040\000S\000t\000r\000u\000c\000t\000\040\000R\000e\000f\000e\000r\000e\000n\000c\000e}{chapter.3}% 150
\BOOKMARK [2][-]{subsection.3.11.1}{\376\377\0003\000.\0001\0001\000.\0001\000\040\000D\000e\000t\000a\000i\000l\000e\000d\000\040\000D\000e\000s\000c\000r\000i\000p\000t\000i\000o\000n}{section.3.11}% 151
\BOOKMARK [2][-]{subsection.3.11.2}{\376\377\0003\000.\0001\0001\000.\0002\000\040\000C\000o\000n\000s\000t\000r\000u\000c\000t\000o\000r\000\040\000\046\000\040\000D\000e\000s\000t\000r\000u\000c\000t\000o\000r\000\040\000D\000o\000c\000u\000m\000e\000n\000t\000a\000t\000i\000o\000n}{section.3.11}% 152
\BOOKMARK [3][-]{subsubsection.3.11.2.1}{\376\377\0003\000.\0001\0001\000.\0002\000.\0001\000\040\000s\000r\000c\000h\000O\000b\000j\000\050\000\051}{subsection.3.11.2}% 153
\BOOKMARK [2][-]{subsection.3.11.3}{\376\377\0003\000.\0001\0001\000.\0003\000\040\000M\000e\000m\000b\000e\000r\000\040\000D\000a\000t\000a\000\040\000D\000o\000c\000u\000m\000e\000n\000t\000a\000t\000i\000o\000n}{section.3.11}% 154
\BOOKMARK [3][-]{subsubsection.3.11.3.1}{\376\377\0003\000.\0001\0001\000.\0003\000.\0001\000\040\000p\000a\000i\000r}{subsection.3.11.3}% 155
\BOOKMARK [3][-]{subsubsection.3.11.3.2}{\376\377\0003\000.\0001\0001\000.\0003\000.\0002\000\040\000s\000r\000c\000h\000P\000i\000n\000T\000y\000p\000e}{subsection.3.11.3}% 156
\BOOKMARK [1][-]{section.3.12}{\376\377\0003\000.\0001\0002\000\040\000S\000y\000m\000D\000e\000t\000e\000c\000t\000\040\000C\000l\000a\000s\000s\000\040\000R\000e\000f\000e\000r\000e\000n\000c\000e}{chapter.3}% 157
\BOOKMARK [2][-]{subsection.3.12.1}{\376\377\0003\000.\0001\0002\000.\0001\000\040\000D\000e\000t\000a\000i\000l\000e\000d\000\040\000D\000e\000s\000c\000r\000i\000p\000t\000i\000o\000n}{section.3.12}% 158
\BOOKMARK [2][-]{subsection.3.12.2}{\376\377\0003\000.\0001\0002\000.\0002\000\040\000C\000o\000n\000s\000t\000r\000u\000c\000t\000o\000r\000\040\000\046\000\040\000D\000e\000s\000t\000r\000u\000c\000t\000o\000r\000\040\000D\000o\000c\000u\000m\000e\000n\000t\000a\000t\000i\000o\000n}{section.3.12}% 159
\BOOKMARK [3][-]{subsubsection.3.12.2.1}{\376\377\0003\000.\0001\0002\000.\0002\000.\0001\000\040\000S\000y\000m\000D\000e\000t\000e\000c\000t\000\050\000\051}{subsection.3.12.2}% 160
\BOOKMARK [2][-]{subsection.3.12.3}{\376\377\0003\000.\0001\0002\000.\0003\000\040\000M\000e\000m\000b\000e\000r\000\040\000F\000u\000n\000c\000t\000i\000o\000n\000\040\000D\000o\000c\000u\000m\000e\000n\000t\000a\000t\000i\000o\000n}{section.3.12}% 161
\BOOKMARK [3][-]{subsubsection.3.12.3.1}{\376\377\0003\000.\0001\0002\000.\0003\000.\0001\000\040\000d\000f\000s\000D\000i\000f\000f\000P\000a\000i\000r\000\050\000\051}{subsection.3.12.3}% 162
\BOOKMARK [3][-]{subsubsection.3.12.3.2}{\376\377\0003\000.\0001\0002\000.\0003\000.\0002\000\040\000e\000n\000d\000S\000r\000c\000h\000\050\000\051}{subsection.3.12.3}% 163
\BOOKMARK [3][-]{subsubsection.3.12.3.3}{\376\377\0003\000.\0001\0002\000.\0003\000.\0003\000\040\000e\000x\000i\000s\000t\000P\000a\000i\000r\000\050\000\051\000\040\000[\0001\000/\0002\000]}{subsection.3.12.3}% 164
\BOOKMARK [3][-]{subsubsection.3.12.3.4}{\376\377\0003\000.\0001\0002\000.\0003\000.\0004\000\040\000e\000x\000i\000s\000t\000P\000a\000i\000r\000\050\000\051\000\040\000[\0002\000/\0002\000]}{subsection.3.12.3}% 165
\BOOKMARK [3][-]{subsubsection.3.12.3.5}{\376\377\0003\000.\0001\0002\000.\0003\000.\0005\000\040\000g\000e\000t\000D\000i\000f\000f\000P\000a\000i\000r\000\050\000\051}{subsection.3.12.3}% 166
\BOOKMARK [3][-]{subsubsection.3.12.3.6}{\376\377\0003\000.\0001\0002\000.\0003\000.\0006\000\040\000g\000e\000t\000D\000i\000f\000f\000P\000a\000i\000r\000N\000e\000t\000C\000o\000n\000n\000\050\000\051}{subsection.3.12.3}% 167
\BOOKMARK [3][-]{subsubsection.3.12.3.7}{\376\377\0003\000.\0001\0002\000.\0003\000.\0007\000\040\000h\000i\000S\000y\000m\000D\000e\000t\000e\000c\000t\000\050\000\051}{subsection.3.12.3}% 168
\BOOKMARK [3][-]{subsubsection.3.12.3.8}{\376\377\0003\000.\0001\0002\000.\0003\000.\0008\000\040\000i\000n\000V\000l\000d\000D\000i\000f\000f\000P\000a\000i\000r\000S\000r\000c\000h\000\050\000\051}{subsection.3.12.3}% 169
\BOOKMARK [3][-]{subsubsection.3.12.3.9}{\376\377\0003\000.\0001\0002\000.\0003\000.\0009\000\040\000p\000u\000s\000h\000N\000e\000x\000t\000S\000r\000c\000h\000O\000b\000j\000\050\000\051}{subsection.3.12.3}% 170
\BOOKMARK [3][-]{subsubsection.3.12.3.10}{\376\377\0003\000.\0001\0002\000.\0003\000.\0001\0000\000\040\000s\000r\000c\000h\000O\000b\000j\000P\000t\000r\000n\000\050\000\051}{subsection.3.12.3}% 171
\BOOKMARK [3][-]{subsubsection.3.12.3.11}{\376\377\0003\000.\0001\0002\000.\0003\000.\0001\0001\000\040\000v\000a\000l\000i\000d\000S\000r\000c\000h\000O\000b\000j\000\050\000\051}{subsection.3.12.3}% 172
\BOOKMARK [2][-]{subsection.3.12.4}{\376\377\0003\000.\0001\0002\000.\0004\000\040\000M\000e\000m\000b\000e\000r\000\040\000D\000a\000t\000a\000\040\000D\000o\000c\000u\000m\000e\000n\000t\000a\000t\000i\000o\000n}{section.3.12}% 173
\BOOKMARK [3][-]{subsubsection.3.12.4.1}{\376\377\0003\000.\0001\0002\000.\0004\000.\0001\000\040\000\137\000n\000e\000t\000l\000i\000s\000t}{subsection.3.12.4}% 174
\BOOKMARK [3][-]{subsubsection.3.12.4.2}{\376\377\0003\000.\0001\0002\000.\0004\000.\0002\000\040\000\137\000p\000a\000t\000t\000e\000r\000n}{subsection.3.12.4}% 175
\BOOKMARK [0][-]{chapter.4}{\376\377\0004\000\040\000F\000i\000l\000e\000\040\000D\000o\000c\000u\000m\000e\000n\000t\000a\000t\000i\000o\000n}{}% 176
\BOOKMARK [1][-]{section.4.1}{\376\377\0004\000.\0001\000\040\000b\000u\000i\000l\000d\000/\000d\000e\000b\000u\000g\000/\000C\000M\000a\000k\000e\000F\000i\000l\000e\000s\000/\0003\000.\0007\000.\0002\000/\000C\000o\000m\000p\000i\000l\000e\000r\000I\000d\000C\000/\000C\000M\000a\000k\000e\000C\000C\000o\000m\000p\000i\000l\000e\000r\000I\000d\000.\000c\000\040\000F\000i\000l\000e\000\040\000R\000e\000f\000e\000r\000e\000n\000c\000e}{chapter.4}% 177
\BOOKMARK [2][-]{subsection.4.1.1}{\376\377\0004\000.\0001\000.\0001\000\040\000M\000a\000c\000r\000o\000\040\000D\000e\000f\000i\000n\000i\000t\000i\000o\000n\000\040\000D\000o\000c\000u\000m\000e\000n\000t\000a\000t\000i\000o\000n}{section.4.1}% 178
\BOOKMARK [3][-]{subsubsection.4.1.1.1}{\376\377\0004\000.\0001\000.\0001\000.\0001\000\040\000A\000R\000C\000H\000I\000T\000E\000C\000T\000U\000R\000E\000\137\000I\000D}{subsection.4.1.1}% 179
\BOOKMARK [3][-]{subsubsection.4.1.1.2}{\376\377\0004\000.\0001\000.\0001\000.\0002\000\040\000C\000\137\000D\000I\000A\000L\000E\000C\000T}{subsection.4.1.1}% 180
\BOOKMARK [3][-]{subsubsection.4.1.1.3}{\376\377\0004\000.\0001\000.\0001\000.\0003\000\040\000C\000O\000M\000P\000I\000L\000E\000R\000\137\000I\000D}{subsection.4.1.1}% 181
\BOOKMARK [3][-]{subsubsection.4.1.1.4}{\376\377\0004\000.\0001\000.\0001\000.\0004\000\040\000D\000E\000C}{subsection.4.1.1}% 182
\BOOKMARK [3][-]{subsubsection.4.1.1.5}{\376\377\0004\000.\0001\000.\0001\000.\0005\000\040\000H\000E\000X}{subsection.4.1.1}% 183
\BOOKMARK [3][-]{subsubsection.4.1.1.6}{\376\377\0004\000.\0001\000.\0001\000.\0006\000\040\000P\000L\000A\000T\000F\000O\000R\000M\000\137\000I\000D}{subsection.4.1.1}% 184
\BOOKMARK [3][-]{subsubsection.4.1.1.7}{\376\377\0004\000.\0001\000.\0001\000.\0007\000\040\000S\000T\000R\000I\000N\000G\000I\000F\000Y}{subsection.4.1.1}% 185
\BOOKMARK [3][-]{subsubsection.4.1.1.8}{\376\377\0004\000.\0001\000.\0001\000.\0008\000\040\000S\000T\000R\000I\000N\000G\000I\000F\000Y\000\137\000H\000E\000L\000P\000E\000R}{subsection.4.1.1}% 186
\BOOKMARK [2][-]{subsection.4.1.2}{\376\377\0004\000.\0001\000.\0002\000\040\000F\000u\000n\000c\000t\000i\000o\000n\000\040\000D\000o\000c\000u\000m\000e\000n\000t\000a\000t\000i\000o\000n}{section.4.1}% 187
\BOOKMARK [3][-]{subsubsection.4.1.2.1}{\376\377\0004\000.\0001\000.\0002\000.\0001\000\040\000m\000a\000i\000n\000\050\000\051}{subsection.4.1.2}% 188
\BOOKMARK [2][-]{subsection.4.1.3}{\376\377\0004\000.\0001\000.\0003\000\040\000V\000a\000r\000i\000a\000b\000l\000e\000\040\000D\000o\000c\000u\000m\000e\000n\000t\000a\000t\000i\000o\000n}{section.4.1}% 189
\BOOKMARK [3][-]{subsubsection.4.1.3.1}{\376\377\0004\000.\0001\000.\0003\000.\0001\000\040\000i\000n\000f\000o\000\137\000a\000r\000c\000h}{subsection.4.1.3}% 190
\BOOKMARK [3][-]{subsubsection.4.1.3.2}{\376\377\0004\000.\0001\000.\0003\000.\0002\000\040\000i\000n\000f\000o\000\137\000c\000o\000m\000p\000i\000l\000e\000r}{subsection.4.1.3}% 191
\BOOKMARK [3][-]{subsubsection.4.1.3.3}{\376\377\0004\000.\0001\000.\0003\000.\0003\000\040\000i\000n\000f\000o\000\137\000l\000a\000n\000g\000u\000a\000g\000e\000\137\000d\000i\000a\000l\000e\000c\000t\000\137\000d\000e\000f\000a\000u\000l\000t}{subsection.4.1.3}% 192
\BOOKMARK [3][-]{subsubsection.4.1.3.4}{\376\377\0004\000.\0001\000.\0003\000.\0004\000\040\000i\000n\000f\000o\000\137\000p\000l\000a\000t\000f\000o\000r\000m}{subsection.4.1.3}% 193
\BOOKMARK [1][-]{section.4.2}{\376\377\0004\000.\0002\000\040\000b\000u\000i\000l\000d\000/\000d\000e\000b\000u\000g\000/\000C\000M\000a\000k\000e\000F\000i\000l\000e\000s\000/\0003\000.\0007\000.\0002\000/\000C\000o\000m\000p\000i\000l\000e\000r\000I\000d\000C\000X\000X\000/\000C\000M\000a\000k\000e\000C\000X\000X\000C\000o\000m\000p\000i\000l\000e\000r\000I\000d\000.\000c\000p\000p\000\040\000F\000i\000l\000e\000\040\000R\000e\000f\000e\000r\000e\000n\000c\000e}{chapter.4}% 194
\BOOKMARK [2][-]{subsection.4.2.1}{\376\377\0004\000.\0002\000.\0001\000\040\000M\000a\000c\000r\000o\000\040\000D\000e\000f\000i\000n\000i\000t\000i\000o\000n\000\040\000D\000o\000c\000u\000m\000e\000n\000t\000a\000t\000i\000o\000n}{section.4.2}% 195
\BOOKMARK [3][-]{subsubsection.4.2.1.1}{\376\377\0004\000.\0002\000.\0001\000.\0001\000\040\000A\000R\000C\000H\000I\000T\000E\000C\000T\000U\000R\000E\000\137\000I\000D}{subsection.4.2.1}% 196
\BOOKMARK [3][-]{subsubsection.4.2.1.2}{\376\377\0004\000.\0002\000.\0001\000.\0002\000\040\000C\000O\000M\000P\000I\000L\000E\000R\000\137\000I\000D}{subsection.4.2.1}% 197
\BOOKMARK [3][-]{subsubsection.4.2.1.3}{\376\377\0004\000.\0002\000.\0001\000.\0003\000\040\000D\000E\000C}{subsection.4.2.1}% 198
\BOOKMARK [3][-]{subsubsection.4.2.1.4}{\376\377\0004\000.\0002\000.\0001\000.\0004\000\040\000H\000E\000X}{subsection.4.2.1}% 199
\BOOKMARK [3][-]{subsubsection.4.2.1.5}{\376\377\0004\000.\0002\000.\0001\000.\0005\000\040\000P\000L\000A\000T\000F\000O\000R\000M\000\137\000I\000D}{subsection.4.2.1}% 200
\BOOKMARK [3][-]{subsubsection.4.2.1.6}{\376\377\0004\000.\0002\000.\0001\000.\0006\000\040\000S\000T\000R\000I\000N\000G\000I\000F\000Y}{subsection.4.2.1}% 201
\BOOKMARK [3][-]{subsubsection.4.2.1.7}{\376\377\0004\000.\0002\000.\0001\000.\0007\000\040\000S\000T\000R\000I\000N\000G\000I\000F\000Y\000\137\000H\000E\000L\000P\000E\000R}{subsection.4.2.1}% 202
\BOOKMARK [2][-]{subsection.4.2.2}{\376\377\0004\000.\0002\000.\0002\000\040\000F\000u\000n\000c\000t\000i\000o\000n\000\040\000D\000o\000c\000u\000m\000e\000n\000t\000a\000t\000i\000o\000n}{section.4.2}% 203
\BOOKMARK [3][-]{subsubsection.4.2.2.1}{\376\377\0004\000.\0002\000.\0002\000.\0001\000\040\000m\000a\000i\000n\000\050\000\051}{subsection.4.2.2}% 204
\BOOKMARK [2][-]{subsection.4.2.3}{\376\377\0004\000.\0002\000.\0003\000\040\000V\000a\000r\000i\000a\000b\000l\000e\000\040\000D\000o\000c\000u\000m\000e\000n\000t\000a\000t\000i\000o\000n}{section.4.2}% 205
\BOOKMARK [3][-]{subsubsection.4.2.3.1}{\376\377\0004\000.\0002\000.\0003\000.\0001\000\040\000i\000n\000f\000o\000\137\000a\000r\000c\000h}{subsection.4.2.3}% 206
\BOOKMARK [3][-]{subsubsection.4.2.3.2}{\376\377\0004\000.\0002\000.\0003\000.\0002\000\040\000i\000n\000f\000o\000\137\000c\000o\000m\000p\000i\000l\000e\000r}{subsection.4.2.3}% 207
\BOOKMARK [3][-]{subsubsection.4.2.3.3}{\376\377\0004\000.\0002\000.\0003\000.\0003\000\040\000i\000n\000f\000o\000\137\000l\000a\000n\000g\000u\000a\000g\000e\000\137\000d\000i\000a\000l\000e\000c\000t\000\137\000d\000e\000f\000a\000u\000l\000t}{subsection.4.2.3}% 208
\BOOKMARK [3][-]{subsubsection.4.2.3.4}{\376\377\0004\000.\0002\000.\0003\000.\0004\000\040\000i\000n\000f\000o\000\137\000p\000l\000a\000t\000f\000o\000r\000m}{subsection.4.2.3}% 209
\BOOKMARK [1][-]{section.4.3}{\376\377\0004\000.\0003\000\040\000b\000u\000i\000l\000d\000/\000d\000e\000b\000u\000g\000/\000C\000M\000a\000k\000e\000F\000i\000l\000e\000s\000/\000f\000e\000a\000t\000u\000r\000e\000\137\000t\000e\000s\000t\000s\000.\000c\000\040\000F\000i\000l\000e\000\040\000R\000e\000f\000e\000r\000e\000n\000c\000e}{chapter.4}% 210
\BOOKMARK [2][-]{subsection.4.3.1}{\376\377\0004\000.\0003\000.\0001\000\040\000F\000u\000n\000c\000t\000i\000o\000n\000\040\000D\000o\000c\000u\000m\000e\000n\000t\000a\000t\000i\000o\000n}{section.4.3}% 211
\BOOKMARK [3][-]{subsubsection.4.3.1.1}{\376\377\0004\000.\0003\000.\0001\000.\0001\000\040\000m\000a\000i\000n\000\050\000\051}{subsection.4.3.1}% 212
\BOOKMARK [2][-]{subsection.4.3.2}{\376\377\0004\000.\0003\000.\0002\000\040\000V\000a\000r\000i\000a\000b\000l\000e\000\040\000D\000o\000c\000u\000m\000e\000n\000t\000a\000t\000i\000o\000n}{section.4.3}% 213
\BOOKMARK [3][-]{subsubsection.4.3.2.1}{\376\377\0004\000.\0003\000.\0002\000.\0001\000\040\000f\000e\000a\000t\000u\000r\000e\000s}{subsection.4.3.2}% 214
\BOOKMARK [1][-]{section.4.4}{\376\377\0004\000.\0004\000\040\000b\000u\000i\000l\000d\000/\000d\000e\000b\000u\000g\000/\000C\000M\000a\000k\000e\000F\000i\000l\000e\000s\000/\000f\000e\000a\000t\000u\000r\000e\000\137\000t\000e\000s\000t\000s\000.\000c\000x\000x\000\040\000F\000i\000l\000e\000\040\000R\000e\000f\000e\000r\000e\000n\000c\000e}{chapter.4}% 215
\BOOKMARK [2][-]{subsection.4.4.1}{\376\377\0004\000.\0004\000.\0001\000\040\000F\000u\000n\000c\000t\000i\000o\000n\000\040\000D\000o\000c\000u\000m\000e\000n\000t\000a\000t\000i\000o\000n}{section.4.4}% 216
\BOOKMARK [3][-]{subsubsection.4.4.1.1}{\376\377\0004\000.\0004\000.\0001\000.\0001\000\040\000m\000a\000i\000n\000\050\000\051}{subsection.4.4.1}% 217
\BOOKMARK [2][-]{subsection.4.4.2}{\376\377\0004\000.\0004\000.\0002\000\040\000V\000a\000r\000i\000a\000b\000l\000e\000\040\000D\000o\000c\000u\000m\000e\000n\000t\000a\000t\000i\000o\000n}{section.4.4}% 218
\BOOKMARK [3][-]{subsubsection.4.4.2.1}{\376\377\0004\000.\0004\000.\0002\000.\0001\000\040\000f\000e\000a\000t\000u\000r\000e\000s}{subsection.4.4.2}% 219
\BOOKMARK [1][-]{section.4.5}{\376\377\0004\000.\0005\000\040\000s\000r\000c\000/\000d\000b\000/\000I\000n\000s\000t\000.\000h\000\040\000F\000i\000l\000e\000\040\000R\000e\000f\000e\000r\000e\000n\000c\000e}{chapter.4}% 220
\BOOKMARK [2][-]{subsection.4.5.1}{\376\377\0004\000.\0005\000.\0001\000\040\000D\000e\000t\000a\000i\000l\000e\000d\000\040\000D\000e\000s\000c\000r\000i\000p\000t\000i\000o\000n}{section.4.5}% 221
\BOOKMARK [1][-]{section.4.6}{\376\377\0004\000.\0006\000\040\000s\000r\000c\000/\000d\000b\000/\000N\000e\000t\000.\000c\000p\000p\000\040\000F\000i\000l\000e\000\040\000R\000e\000f\000e\000r\000e\000n\000c\000e}{chapter.4}% 222
\BOOKMARK [2][-]{subsection.4.6.1}{\376\377\0004\000.\0006\000.\0001\000\040\000D\000e\000t\000a\000i\000l\000e\000d\000\040\000D\000e\000s\000c\000r\000i\000p\000t\000i\000o\000n}{section.4.6}% 223
\BOOKMARK [2][-]{subsection.4.6.2}{\376\377\0004\000.\0006\000.\0002\000\040\000V\000a\000r\000i\000a\000b\000l\000e\000\040\000D\000o\000c\000u\000m\000e\000n\000t\000a\000t\000i\000o\000n}{section.4.6}% 224
\BOOKMARK [3][-]{subsubsection.4.6.2.1}{\376\377\0004\000.\0006\000.\0002\000.\0001\000\040\000G\000R\000O\000U\000N\000D\000\137\000N\000E\000T\000\137\000N\000A\000M\000E\000S}{subsection.4.6.2}% 225
\BOOKMARK [3][-]{subsubsection.4.6.2.2}{\376\377\0004\000.\0006\000.\0002\000.\0002\000\040\000P\000O\000W\000E\000R\000\137\000N\000E\000T\000\137\000N\000A\000M\000E\000S}{subsection.4.6.2}% 226
\BOOKMARK [1][-]{section.4.7}{\376\377\0004\000.\0007\000\040\000s\000r\000c\000/\000d\000b\000/\000N\000e\000t\000.\000h\000\040\000F\000i\000l\000e\000\040\000R\000e\000f\000e\000r\000e\000n\000c\000e}{chapter.4}% 227
\BOOKMARK [2][-]{subsection.4.7.1}{\376\377\0004\000.\0007\000.\0001\000\040\000D\000e\000t\000a\000i\000l\000e\000d\000\040\000D\000e\000s\000c\000r\000i\000p\000t\000i\000o\000n}{section.4.7}% 228
\BOOKMARK [1][-]{section.4.8}{\376\377\0004\000.\0008\000\040\000s\000r\000c\000/\000d\000b\000/\000N\000e\000t\000l\000i\000s\000t\000.\000c\000p\000p\000\040\000F\000i\000l\000e\000\040\000R\000e\000f\000e\000r\000e\000n\000c\000e}{chapter.4}% 229
\BOOKMARK [2][-]{subsection.4.8.1}{\376\377\0004\000.\0008\000.\0001\000\040\000D\000e\000t\000a\000i\000l\000e\000d\000\040\000D\000e\000s\000c\000r\000i\000p\000t\000i\000o\000n}{section.4.8}% 230
\BOOKMARK [2][-]{subsection.4.8.2}{\376\377\0004\000.\0008\000.\0002\000\040\000V\000a\000r\000i\000a\000b\000l\000e\000\040\000D\000o\000c\000u\000m\000e\000n\000t\000a\000t\000i\000o\000n}{section.4.8}% 231
\BOOKMARK [3][-]{subsubsection.4.8.2.1}{\376\377\0004\000.\0008\000.\0002\000.\0001\000\040\000M\000O\000S\000\137\000P\000I\000N\000\137\000T\000Y\000P\000E}{subsection.4.8.2}% 232
\BOOKMARK [3][-]{subsubsection.4.8.2.2}{\376\377\0004\000.\0008\000.\0002\000.\0002\000\040\000R\000E\000S\000\137\000P\000I\000N\000\137\000T\000Y\000P\000E}{subsection.4.8.2}% 233
\BOOKMARK [1][-]{section.4.9}{\376\377\0004\000.\0009\000\040\000s\000r\000c\000/\000d\000b\000/\000N\000e\000t\000l\000i\000s\000t\000.\000h\000\040\000F\000i\000l\000e\000\040\000R\000e\000f\000e\000r\000e\000n\000c\000e}{chapter.4}% 234
\BOOKMARK [2][-]{subsection.4.9.1}{\376\377\0004\000.\0009\000.\0001\000\040\000D\000e\000t\000a\000i\000l\000e\000d\000\040\000D\000e\000s\000c\000r\000i\000p\000t\000i\000o\000n}{section.4.9}% 235
\BOOKMARK [1][-]{section.4.10}{\376\377\0004\000.\0001\0000\000\040\000s\000r\000c\000/\000d\000b\000/\000P\000i\000n\000.\000c\000p\000p\000\040\000F\000i\000l\000e\000\040\000R\000e\000f\000e\000r\000e\000n\000c\000e}{chapter.4}% 236
\BOOKMARK [2][-]{subsection.4.10.1}{\376\377\0004\000.\0001\0000\000.\0001\000\040\000D\000e\000t\000a\000i\000l\000e\000d\000\040\000D\000e\000s\000c\000r\000i\000p\000t\000i\000o\000n}{section.4.10}% 237
\BOOKMARK [1][-]{section.4.11}{\376\377\0004\000.\0001\0001\000\040\000s\000r\000c\000/\000d\000b\000/\000P\000i\000n\000.\000h\000\040\000F\000i\000l\000e\000\040\000R\000e\000f\000e\000r\000e\000n\000c\000e}{chapter.4}% 238
\BOOKMARK [2][-]{subsection.4.11.1}{\376\377\0004\000.\0001\0001\000.\0001\000\040\000D\000e\000t\000a\000i\000l\000e\000d\000\040\000D\000e\000s\000c\000r\000i\000p\000t\000i\000o\000n}{section.4.11}% 239
\BOOKMARK [1][-]{section.4.12}{\376\377\0004\000.\0001\0002\000\040\000s\000r\000c\000/\000g\000l\000o\000b\000a\000l\000/\000g\000l\000o\000b\000a\000l\000.\000h\000\040\000F\000i\000l\000e\000\040\000R\000e\000f\000e\000r\000e\000n\000c\000e}{chapter.4}% 240
\BOOKMARK [2][-]{subsection.4.12.1}{\376\377\0004\000.\0001\0002\000.\0001\000\040\000D\000e\000t\000a\000i\000l\000e\000d\000\040\000D\000e\000s\000c\000r\000i\000p\000t\000i\000o\000n}{section.4.12}% 241
\BOOKMARK [1][-]{section.4.13}{\376\377\0004\000.\0001\0003\000\040\000s\000r\000c\000/\000g\000l\000o\000b\000a\000l\000/\000n\000a\000m\000e\000s\000p\000a\000c\000e\000.\000h\000\040\000F\000i\000l\000e\000\040\000R\000e\000f\000e\000r\000e\000n\000c\000e}{chapter.4}% 242
\BOOKMARK [2][-]{subsection.4.13.1}{\376\377\0004\000.\0001\0003\000.\0001\000\040\000D\000e\000t\000a\000i\000l\000e\000d\000\040\000D\000e\000s\000c\000r\000i\000p\000t\000i\000o\000n}{section.4.13}% 243
\BOOKMARK [2][-]{subsection.4.13.2}{\376\377\0004\000.\0001\0003\000.\0002\000\040\000M\000a\000c\000r\000o\000\040\000D\000e\000f\000i\000n\000i\000t\000i\000o\000n\000\040\000D\000o\000c\000u\000m\000e\000n\000t\000a\000t\000i\000o\000n}{section.4.13}% 244
\BOOKMARK [3][-]{subsubsection.4.13.2.1}{\376\377\0004\000.\0001\0003\000.\0002\000.\0001\000\040\000P\000R\000O\000J\000E\000C\000T\000\137\000N\000A\000M\000E\000S\000P\000A\000C\000E}{subsection.4.13.2}% 245
\BOOKMARK [3][-]{subsubsection.4.13.2.2}{\376\377\0004\000.\0001\0003\000.\0002\000.\0002\000\040\000P\000R\000O\000J\000E\000C\000T\000\137\000N\000A\000M\000E\000S\000P\000A\000C\000E\000\137\000B\000E\000G\000I\000N}{subsection.4.13.2}% 246
\BOOKMARK [3][-]{subsubsection.4.13.2.3}{\376\377\0004\000.\0001\0003\000.\0002\000.\0003\000\040\000P\000R\000O\000J\000E\000C\000T\000\137\000N\000A\000M\000E\000S\000P\000A\000C\000E\000\137\000E\000N\000D}{subsection.4.13.2}% 247
\BOOKMARK [1][-]{section.4.14}{\376\377\0004\000.\0001\0004\000\040\000s\000r\000c\000/\000g\000l\000o\000b\000a\000l\000/\000t\000y\000p\000e\000.\000h\000\040\000F\000i\000l\000e\000\040\000R\000e\000f\000e\000r\000e\000n\000c\000e}{chapter.4}% 248
\BOOKMARK [2][-]{subsection.4.14.1}{\376\377\0004\000.\0001\0004\000.\0001\000\040\000D\000e\000t\000a\000i\000l\000e\000d\000\040\000D\000e\000s\000c\000r\000i\000p\000t\000i\000o\000n}{section.4.14}% 249
\BOOKMARK [2][-]{subsection.4.14.2}{\376\377\0004\000.\0001\0004\000.\0002\000\040\000T\000y\000p\000e\000d\000e\000f\000\040\000D\000o\000c\000u\000m\000e\000n\000t\000a\000t\000i\000o\000n}{section.4.14}% 250
\BOOKMARK [3][-]{subsubsection.4.14.2.1}{\376\377\0004\000.\0001\0004\000.\0002\000.\0001\000\040\000B\000y\000t\000e}{subsection.4.14.2}% 251
\BOOKMARK [3][-]{subsubsection.4.14.2.2}{\376\377\0004\000.\0001\0004\000.\0002\000.\0002\000\040\000I\000n\000d\000e\000x\000T\000y\000p\000e}{subsection.4.14.2}% 252
\BOOKMARK [3][-]{subsubsection.4.14.2.3}{\376\377\0004\000.\0001\0004\000.\0002\000.\0003\000\040\000I\000n\000t\000T\000y\000p\000e}{subsection.4.14.2}% 253
\BOOKMARK [3][-]{subsubsection.4.14.2.4}{\376\377\0004\000.\0001\0004\000.\0002\000.\0004\000\040\000R\000e\000a\000l\000T\000y\000p\000e}{subsection.4.14.2}% 254
\BOOKMARK [2][-]{subsection.4.14.3}{\376\377\0004\000.\0001\0004\000.\0003\000\040\000E\000n\000u\000m\000e\000r\000a\000t\000i\000o\000n\000\040\000T\000y\000p\000e\000\040\000D\000o\000c\000u\000m\000e\000n\000t\000a\000t\000i\000o\000n}{section.4.14}% 255
\BOOKMARK [3][-]{subsubsection.4.14.3.1}{\376\377\0004\000.\0001\0004\000.\0003\000.\0001\000\040\000I\000n\000s\000t\000T\000y\000p\000e}{subsection.4.14.3}% 256
\BOOKMARK [3][-]{subsubsection.4.14.3.2}{\376\377\0004\000.\0001\0004\000.\0003\000.\0002\000\040\000M\000o\000s\000P\000a\000t\000t\000e\000r\000n}{subsection.4.14.3}% 257
\BOOKMARK [3][-]{subsubsection.4.14.3.3}{\376\377\0004\000.\0001\0004\000.\0003\000.\0003\000\040\000M\000o\000s\000T\000y\000p\000e}{subsection.4.14.3}% 258
\BOOKMARK [3][-]{subsubsection.4.14.3.4}{\376\377\0004\000.\0001\0004\000.\0003\000.\0004\000\040\000N\000e\000t\000T\000y\000p\000e}{subsection.4.14.3}% 259
\BOOKMARK [3][-]{subsubsection.4.14.3.5}{\376\377\0004\000.\0001\0004\000.\0003\000.\0005\000\040\000P\000i\000n\000T\000y\000p\000e}{subsection.4.14.3}% 260
\BOOKMARK [2][-]{subsection.4.14.4}{\376\377\0004\000.\0001\0004\000.\0004\000\040\000V\000a\000r\000i\000a\000b\000l\000e\000\040\000D\000o\000c\000u\000m\000e\000n\000t\000a\000t\000i\000o\000n}{section.4.14}% 261
\BOOKMARK [3][-]{subsubsection.4.14.4.1}{\376\377\0004\000.\0001\0004\000.\0004\000.\0001\000\040\000I\000N\000D\000E\000X\000\137\000T\000Y\000P\000E\000\137\000M\000A\000X}{subsection.4.14.4}% 262
\BOOKMARK [3][-]{subsubsection.4.14.4.2}{\376\377\0004\000.\0001\0004\000.\0004\000.\0002\000\040\000I\000N\000T\000\137\000T\000Y\000P\000E\000\137\000M\000A\000X}{subsection.4.14.4}% 263
\BOOKMARK [3][-]{subsubsection.4.14.4.3}{\376\377\0004\000.\0001\0004\000.\0004\000.\0003\000\040\000I\000N\000T\000\137\000T\000Y\000P\000E\000\137\000M\000I\000N}{subsection.4.14.4}% 264
\BOOKMARK [3][-]{subsubsection.4.14.4.4}{\376\377\0004\000.\0001\0004\000.\0004\000.\0004\000\040\000R\000E\000A\000L\000\137\000T\000Y\000P\000E\000\137\000M\000A\000X}{subsection.4.14.4}% 265
\BOOKMARK [3][-]{subsubsection.4.14.4.5}{\376\377\0004\000.\0001\0004\000.\0004\000.\0005\000\040\000R\000E\000A\000L\000\137\000T\000Y\000P\000E\000\137\000M\000I\000N}{subsection.4.14.4}% 266
\BOOKMARK [3][-]{subsubsection.4.14.4.6}{\376\377\0004\000.\0001\0004\000.\0004\000.\0006\000\040\000R\000E\000A\000L\000\137\000T\000Y\000P\000E\000\137\000T\000O\000L}{subsection.4.14.4}% 267
\BOOKMARK [1][-]{section.4.15}{\376\377\0004\000.\0001\0005\000\040\000s\000r\000c\000/\000m\000a\000i\000n\000/\000m\000a\000i\000n\000.\000c\000p\000p\000\040\000F\000i\000l\000e\000\040\000R\000e\000f\000e\000r\000e\000n\000c\000e}{chapter.4}% 268
\BOOKMARK [2][-]{subsection.4.15.1}{\376\377\0004\000.\0001\0005\000.\0001\000\040\000D\000e\000t\000a\000i\000l\000e\000d\000\040\000D\000e\000s\000c\000r\000i\000p\000t\000i\000o\000n}{section.4.15}% 269
\BOOKMARK [2][-]{subsection.4.15.2}{\376\377\0004\000.\0001\0005\000.\0002\000\040\000M\000a\000c\000r\000o\000\040\000D\000e\000f\000i\000n\000i\000t\000i\000o\000n\000\040\000D\000o\000c\000u\000m\000e\000n\000t\000a\000t\000i\000o\000n}{section.4.15}% 270
\BOOKMARK [3][-]{subsubsection.4.15.2.1}{\376\377\0004\000.\0001\0005\000.\0002\000.\0001\000\040\000\137\000\137\000S\000F\000A\000\137\000T\000E\000S\000T\000\137\000\137}{subsection.4.15.2}% 271
\BOOKMARK [2][-]{subsection.4.15.3}{\376\377\0004\000.\0001\0005\000.\0003\000\040\000F\000u\000n\000c\000t\000i\000o\000n\000\040\000D\000o\000c\000u\000m\000e\000n\000t\000a\000t\000i\000o\000n}{section.4.15}% 272
\BOOKMARK [3][-]{subsubsection.4.15.3.1}{\376\377\0004\000.\0001\0005\000.\0003\000.\0001\000\040\000m\000a\000i\000n\000\050\000\051}{subsection.4.15.3}% 273
\BOOKMARK [1][-]{section.4.16}{\376\377\0004\000.\0001\0006\000\040\000s\000r\000c\000/\000p\000a\000r\000s\000e\000r\000/\000I\000n\000i\000t\000N\000e\000t\000l\000i\000s\000t\000.\000c\000p\000p\000\040\000F\000i\000l\000e\000\040\000R\000e\000f\000e\000r\000e\000n\000c\000e}{chapter.4}% 274
\BOOKMARK [2][-]{subsection.4.16.1}{\376\377\0004\000.\0001\0006\000.\0001\000\040\000D\000e\000t\000a\000i\000l\000e\000d\000\040\000D\000e\000s\000c\000r\000i\000p\000t\000i\000o\000n}{section.4.16}% 275
\BOOKMARK [1][-]{section.4.17}{\376\377\0004\000.\0001\0007\000\040\000s\000r\000c\000/\000p\000a\000r\000s\000e\000r\000/\000I\000n\000i\000t\000N\000e\000t\000l\000i\000s\000t\000.\000h\000\040\000F\000i\000l\000e\000\040\000R\000e\000f\000e\000r\000e\000n\000c\000e}{chapter.4}% 276
\BOOKMARK [2][-]{subsection.4.17.1}{\376\377\0004\000.\0001\0007\000.\0001\000\040\000D\000e\000t\000a\000i\000l\000e\000d\000\040\000D\000e\000s\000c\000r\000i\000p\000t\000i\000o\000n}{section.4.17}% 277
\BOOKMARK [1][-]{section.4.18}{\376\377\0004\000.\0001\0008\000\040\000s\000r\000c\000/\000s\000y\000m\000\137\000d\000e\000t\000e\000c\000t\000/\000P\000a\000t\000t\000e\000r\000n\000.\000c\000p\000p\000\040\000F\000i\000l\000e\000\040\000R\000e\000f\000e\000r\000e\000n\000c\000e}{chapter.4}% 278
\BOOKMARK [2][-]{subsection.4.18.1}{\376\377\0004\000.\0001\0008\000.\0001\000\040\000D\000e\000t\000a\000i\000l\000e\000d\000\040\000D\000e\000s\000c\000r\000i\000p\000t\000i\000o\000n}{section.4.18}% 279
\BOOKMARK [1][-]{section.4.19}{\376\377\0004\000.\0001\0009\000\040\000s\000r\000c\000/\000s\000y\000m\000\137\000d\000e\000t\000e\000c\000t\000/\000P\000a\000t\000t\000e\000r\000n\000.\000h\000\040\000F\000i\000l\000e\000\040\000R\000e\000f\000e\000r\000e\000n\000c\000e}{chapter.4}% 280
\BOOKMARK [2][-]{subsection.4.19.1}{\376\377\0004\000.\0001\0009\000.\0001\000\040\000D\000e\000t\000a\000i\000l\000e\000d\000\040\000D\000e\000s\000c\000r\000i\000p\000t\000i\000o\000n}{section.4.19}% 281
\BOOKMARK [1][-]{section.4.20}{\376\377\0004\000.\0002\0000\000\040\000s\000r\000c\000/\000s\000y\000m\000\137\000d\000e\000t\000e\000c\000t\000/\000S\000y\000m\000D\000e\000t\000e\000c\000t\000.\000c\000p\000p\000\040\000F\000i\000l\000e\000\040\000R\000e\000f\000e\000r\000e\000n\000c\000e}{chapter.4}% 282
\BOOKMARK [2][-]{subsection.4.20.1}{\376\377\0004\000.\0002\0000\000.\0001\000\040\000D\000e\000t\000a\000i\000l\000e\000d\000\040\000D\000e\000s\000c\000r\000i\000p\000t\000i\000o\000n}{section.4.20}% 283
\BOOKMARK [1][-]{section.4.21}{\376\377\0004\000.\0002\0001\000\040\000s\000r\000c\000/\000s\000y\000m\000\137\000d\000e\000t\000e\000c\000t\000/\000S\000y\000m\000D\000e\000t\000e\000c\000t\000.\000h\000\040\000F\000i\000l\000e\000\040\000R\000e\000f\000e\000r\000e\000n\000c\000e}{chapter.4}% 284
\BOOKMARK [2][-]{subsection.4.21.1}{\376\377\0004\000.\0002\0001\000.\0001\000\040\000D\000e\000t\000a\000i\000l\000e\000d\000\040\000D\000e\000s\000c\000r\000i\000p\000t\000i\000o\000n}{section.4.21}% 285
\BOOKMARK [0][-]{section*.84}{\376\377\000I\000n\000d\000e\000x}{}% 286
