Done!
BEGIN GROUP
m2 xi20/m0
END GROUP
BEGIN GROUP
m2 xi25/m0
END GROUP
BEGIN GROUP
m10 m13
xi20/m0 xi25/m0
xi20/m1 xi25/m1
m9 m12
END GROUP
BEGIN GROUP
m1 xi20/m0
END GROUP
BEGIN GROUP
m1 xi25/m0
END GROUP
BEGIN GROUP
xi24/m0 xi23/m0
xi24/m1 xi23/m1
END GROUP
BEGIN GROUP
xi24/m0 xi18/m0
xi24/m1 xi18/m1
END GROUP
BEGIN GROUP
xi16/m0 xi23/m0
xi16/m1 xi23/m1
END GROUP
BEGIN GROUP
xi16/m0 xi18/m0
xi16/m1 xi18/m1
END GROUP
BEGIN GROUP
xi23/m0 xi18/m0
xi26/m11 xi11/m11
xi23/m1 xi18/m1
END GROUP
BEGIN GROUP
m4 m0
m5 m3
xi26/m9 xi11/m9
xi25/m0 xi20/m0
xi25/m1 xi20/m1
xi26/m11 xi11/m11
xi26/m9 xi20/m1
xi25/m1 xi11/m9
m12 m9
m6 m7
m13 m10
m2 m1
END GROUP
