Done!
Net 0, vdddac 
Net 1, vbp2 
Net 2, vcm 
Net 3, einb 
Net 4, vcm2 
Net 5, v2 
Net 6, ioutp 
Net 7, dinnb 
Net 8, ioutn 
Net 9, dinpb 
Net 10, vbp1 
Net 11, v1 
Net 12, vbn1 
Net 13, gnd 
Net 14, vcm1 
Net 15, vbn2 
Net 16, dinp 
Net 17, dinn 
Net 18, ein 
Instance 0, xm20 
Pin 0, from  Instance xm20 to net 0:vdddac 
Pin 1, from  Instance xm20 to net 0:vdddac 
Pin 2, from  Instance xm20 to net 0:vdddac 
Pin 3, from  Instance xm20 to net 0:vdddac 
Instance 1, xm16 
Pin 4, from  Instance xm16 to net 1:vbp2 
Pin 5, from  Instance xm16 to net 1:vbp2 
Pin 6, from  Instance xm16 to net 1:vbp2 
Pin 7, from  Instance xm16 to net 0:vdddac 
Instance 2, xm10 
Pin 8, from  Instance xm10 to net 0:vdddac 
Pin 9, from  Instance xm10 to net 0:vdddac 
Pin 10, from  Instance xm10 to net 0:vdddac 
Pin 11, from  Instance xm10 to net 0:vdddac 
Instance 3, xm8 
Pin 12, from  Instance xm8 to net 0:vdddac 
Pin 13, from  Instance xm8 to net 0:vdddac 
Pin 14, from  Instance xm8 to net 0:vdddac 
Pin 15, from  Instance xm8 to net 0:vdddac 
Instance 4, xm11 
Pin 16, from  Instance xm11 to net 0:vdddac 
Pin 17, from  Instance xm11 to net 0:vdddac 
Pin 18, from  Instance xm11 to net 0:vdddac 
Pin 19, from  Instance xm11 to net 0:vdddac 
Instance 5, xm7 
Pin 20, from  Instance xm7 to net 2:vcm 
Pin 21, from  Instance xm7 to net 3:einb 
Pin 22, from  Instance xm7 to net 4:vcm2 
Pin 23, from  Instance xm7 to net 0:vdddac 
Instance 6, xm2 
Pin 24, from  Instance xm2 to net 4:vcm2 
Pin 25, from  Instance xm2 to net 1:vbp2 
Pin 26, from  Instance xm2 to net 5:v2 
Pin 27, from  Instance xm2 to net 0:vdddac 
Instance 7, xm17 
Pin 28, from  Instance xm17 to net 6:ioutp 
Pin 29, from  Instance xm17 to net 7:dinnb 
Pin 30, from  Instance xm17 to net 4:vcm2 
Pin 31, from  Instance xm17 to net 0:vdddac 
Instance 8, xm6 
Pin 32, from  Instance xm6 to net 8:ioutn 
Pin 33, from  Instance xm6 to net 9:dinpb 
Pin 34, from  Instance xm6 to net 4:vcm2 
Pin 35, from  Instance xm6 to net 0:vdddac 
Instance 9, xm9 
Pin 36, from  Instance xm9 to net 0:vdddac 
Pin 37, from  Instance xm9 to net 0:vdddac 
Pin 38, from  Instance xm9 to net 0:vdddac 
Pin 39, from  Instance xm9 to net 0:vdddac 
Instance 10, xm3 
Pin 40, from  Instance xm3 to net 5:v2 
Pin 41, from  Instance xm3 to net 10:vbp1 
Pin 42, from  Instance xm3 to net 0:vdddac 
Pin 43, from  Instance xm3 to net 0:vdddac 
Instance 11, xm12 
Pin 44, from  Instance xm12 to net 11:v1 
Pin 45, from  Instance xm12 to net 12:vbn1 
Pin 46, from  Instance xm12 to net 13:gnd 
Pin 47, from  Instance xm12 to net 13:gnd 
Instance 12, xm13 
Pin 48, from  Instance xm13 to net 14:vcm1 
Pin 49, from  Instance xm13 to net 15:vbn2 
Pin 50, from  Instance xm13 to net 11:v1 
Pin 51, from  Instance xm13 to net 13:gnd 
Instance 13, xm22 
Pin 52, from  Instance xm22 to net 13:gnd 
Pin 53, from  Instance xm22 to net 13:gnd 
Pin 54, from  Instance xm22 to net 13:gnd 
Pin 55, from  Instance xm22 to net 13:gnd 
Instance 14, xm24 
Pin 56, from  Instance xm24 to net 13:gnd 
Pin 57, from  Instance xm24 to net 13:gnd 
Pin 58, from  Instance xm24 to net 13:gnd 
Pin 59, from  Instance xm24 to net 13:gnd 
Instance 15, xm21 
Pin 60, from  Instance xm21 to net 15:vbn2 
Pin 61, from  Instance xm21 to net 15:vbn2 
Pin 62, from  Instance xm21 to net 15:vbn2 
Pin 63, from  Instance xm21 to net 13:gnd 
Instance 16, xm25 
Pin 64, from  Instance xm25 to net 13:gnd 
Pin 65, from  Instance xm25 to net 13:gnd 
Pin 66, from  Instance xm25 to net 13:gnd 
Pin 67, from  Instance xm25 to net 13:gnd 
Instance 17, xm23 
Pin 68, from  Instance xm23 to net 13:gnd 
Pin 69, from  Instance xm23 to net 13:gnd 
Pin 70, from  Instance xm23 to net 13:gnd 
Pin 71, from  Instance xm23 to net 13:gnd 
Instance 18, xm19 
Pin 72, from  Instance xm19 to net 13:gnd 
Pin 73, from  Instance xm19 to net 13:gnd 
Pin 74, from  Instance xm19 to net 13:gnd 
Pin 75, from  Instance xm19 to net 13:gnd 
Instance 19, xm18 
Pin 76, from  Instance xm18 to net 6:ioutp 
Pin 77, from  Instance xm18 to net 16:dinp 
Pin 78, from  Instance xm18 to net 14:vcm1 
Pin 79, from  Instance xm18 to net 13:gnd 
Instance 20, xm15 
Pin 80, from  Instance xm15 to net 8:ioutn 
Pin 81, from  Instance xm15 to net 17:dinn 
Pin 82, from  Instance xm15 to net 14:vcm1 
Pin 83, from  Instance xm15 to net 13:gnd 
Instance 21, xm14 
Pin 84, from  Instance xm14 to net 2:vcm 
Pin 85, from  Instance xm14 to net 18:ein 
Pin 86, from  Instance xm14 to net 14:vcm1 
Pin 87, from  Instance xm14 to net 13:gnd 
Start diff pair recognition.19
Diff pair recognized.
BEGIN GROUP!!!
xm7 xm17
xm14 xm18
END GROUP!!!
BEGIN GROUP!!!
xm7 xm6
xm14 xm15
END GROUP!!!
BEGIN GROUP!!!
xm17 xm6
xm18 xm15
END GROUP!!!
BEGIN GROUP!!!
xm18 xm15
xm17 xm6
END GROUP!!!
BEGIN GROUP!!!
xm18 xm14
xm17 xm7
END GROUP!!!
BEGIN GROUP!!!
xm15 xm14
xm6 xm7
END GROUP!!!
